This file contains any messages produced by compilers while
running configure, to aid debugging if configure makes a mistake.

It was created by hello_world configure 0.1, which was
generated by GNU Autoconf 2.69.  Invocation command line was

  $ ./configure --no-create --no-recursion

## --------- ##
## Platform. ##
## --------- ##

hostname = gentoo-usb
uname -m = x86_64
uname -r = 4.1.15-gentoo-r1
uname -s = Linux
uname -v = #2 SMP Thu Feb 4 11:47:40 AEDT 2016

/usr/bin/uname -p = Intel(R) Core(TM) i5-4570S CPU @ 2.90GHz
/bin/uname -X     = unknown

/bin/arch              = unknown
/usr/bin/arch -k       = unknown
/usr/convex/getsysinfo = unknown
/usr/bin/hostinfo      = unknown
/bin/machine           = unknown
/usr/bin/oslevel       = unknown
/bin/universe          = unknown

PATH: /usr/local/bin
PATH: /usr/bin
PATH: /bin
PATH: /opt/bin
PATH: /usr/x86_64-pc-linux-gnu/gcc-bin/4.9.3


## ----------- ##
## Core tests. ##
## ----------- ##

configure:2185: checking for a BSD-compatible install
configure:2253: result: /usr/bin/install -c
configure:2264: checking whether build environment is sane
configure:2319: result: yes
configure:2470: checking for a thread-safe mkdir -p
configure:2509: result: /bin/mkdir -p
configure:2516: checking for gawk
configure:2532: found /usr/bin/gawk
configure:2543: result: gawk
configure:2554: checking whether make sets $(MAKE)
configure:2576: result: yes
configure:2605: checking whether make supports nested variables
configure:2622: result: yes
configure:2759: checking whether make supports nested variables
configure:2776: result: yes
configure:2817: checking build system type
configure:2831: result: x86_64-pc-linux-gnu
configure:2851: checking host system type
configure:2864: result: x86_64-pc-linux-gnu
configure:2905: checking how to print strings
configure:2932: result: printf
configure:2965: checking for style of include used by make
configure:2993: result: GNU
configure:3064: checking for gcc
configure:3080: found /usr/bin/gcc
configure:3091: result: gcc
configure:3320: checking for C compiler version
configure:3329: gcc --version >&5
gcc (Gentoo 4.9.3 p1.5, pie-0.6.4) 4.9.3
Copyright (C) 2015 Free Software Foundation, Inc.
This is free software; see the source for copying conditions.  There is NO
warranty; not even for MERCHANTABILITY or FITNESS FOR A PARTICULAR PURPOSE.

configure:3340: $? = 0
configure:3329: gcc -v >&5
Using built-in specs.
COLLECT_GCC=/usr/x86_64-pc-linux-gnu/gcc-bin/4.9.3/gcc
COLLECT_LTO_WRAPPER=/usr/libexec/gcc/x86_64-pc-linux-gnu/4.9.3/lto-wrapper
Target: x86_64-pc-linux-gnu
Configured with: /var/tmp/portage/sys-devel/gcc-4.9.3/work/gcc-4.9.3/configure --host=x86_64-pc-linux-gnu --build=x86_64-pc-linux-gnu --prefix=/usr --bindir=/usr/x86_64-pc-linux-gnu/gcc-bin/4.9.3 --includedir=/usr/lib/gcc/x86_64-pc-linux-gnu/4.9.3/include --datadir=/usr/share/gcc-data/x86_64-pc-linux-gnu/4.9.3 --mandir=/usr/share/gcc-data/x86_64-pc-linux-gnu/4.9.3/man --infodir=/usr/share/gcc-data/x86_64-pc-linux-gnu/4.9.3/info --with-gxx-include-dir=/usr/lib/gcc/x86_64-pc-linux-gnu/4.9.3/include/g++-v4 --with-python-dir=/share/gcc-data/x86_64-pc-linux-gnu/4.9.3/python --enable-languages=c,c++,fortran --enable-obsolete --enable-secureplt --disable-werror --with-system-zlib --enable-nls --without-included-gettext --enable-checking=release --with-bugurl=https://bugs.gentoo.org/ --with-pkgversion='Gentoo 4.9.3 p1.5, pie-0.6.4' --enable-libstdcxx-time --enable-shared --enable-threads=posix --enable-__cxa_atexit --enable-clocale=gnu --enable-multilib --with-multilib-list=m32,m64 --disable-altivec --disable-fixed-point --enable-targets=all --disable-libgcj --enable-libgomp --disable-libmudflap --disable-libssp --disable-libcilkrts --enable-lto --without-cloog --enable-libsanitizer
Thread model: posix
gcc version 4.9.3 (Gentoo 4.9.3 p1.5, pie-0.6.4) 
configure:3340: $? = 0
configure:3329: gcc -V >&5
gcc: error: unrecognized command line option '-V'
gcc: fatal error: no input files
compilation terminated.
configure:3340: $? = 1
configure:3329: gcc -qversion >&5
gcc: error: unrecognized command line option '-qversion'
gcc: fatal error: no input files
compilation terminated.
configure:3340: $? = 1
configure:3360: checking whether the C compiler works
configure:3382: gcc    conftest.c  >&5
configure:3386: $? = 0
configure:3434: result: yes
configure:3437: checking for C compiler default output file name
configure:3439: result: a.out
configure:3445: checking for suffix of executables
configure:3452: gcc -o conftest    conftest.c  >&5
configure:3456: $? = 0
configure:3478: result: 
configure:3500: checking whether we are cross compiling
configure:3508: gcc -o conftest    conftest.c  >&5
configure:3512: $? = 0
configure:3519: ./conftest
configure:3523: $? = 0
configure:3538: result: no
configure:3543: checking for suffix of object files
configure:3565: gcc -c   conftest.c >&5
configure:3569: $? = 0
configure:3590: result: o
configure:3594: checking whether we are using the GNU C compiler
configure:3613: gcc -c   conftest.c >&5
configure:3613: $? = 0
configure:3622: result: yes
configure:3631: checking whether gcc accepts -g
configure:3651: gcc -c -g  conftest.c >&5
configure:3651: $? = 0
configure:3692: result: yes
configure:3709: checking for gcc option to accept ISO C89
configure:3772: gcc  -c -g -O2  conftest.c >&5
configure:3772: $? = 0
configure:3785: result: none needed
configure:3810: checking whether gcc understands -c and -o together
configure:3832: gcc -c conftest.c -o conftest2.o
configure:3835: $? = 0
configure:3832: gcc -c conftest.c -o conftest2.o
configure:3835: $? = 0
configure:3847: result: yes
configure:3866: checking dependency style of gcc
configure:3977: result: gcc3
configure:3992: checking for a sed that does not truncate output
configure:4056: result: /bin/sed
configure:4074: checking for grep that handles long lines and -e
configure:4132: result: /bin/grep
configure:4137: checking for egrep
configure:4199: result: /bin/grep -E
configure:4204: checking for fgrep
configure:4266: result: /bin/grep -F
configure:4301: checking for ld used by gcc
configure:4368: result: /usr/x86_64-pc-linux-gnu/bin/ld
configure:4375: checking if the linker (/usr/x86_64-pc-linux-gnu/bin/ld) is GNU ld
configure:4390: result: yes
configure:4402: checking for BSD- or MS-compatible name lister (nm)
configure:4456: result: /usr/bin/nm -B
configure:4586: checking the name lister (/usr/bin/nm -B) interface
configure:4593: gcc -c -g -O2  conftest.c >&5
configure:4596: /usr/bin/nm -B "conftest.o"
configure:4599: output
0000000000000000 B some_variable
configure:4606: result: BSD nm
configure:4609: checking whether ln -s works
configure:4613: result: yes
configure:4621: checking the maximum length of command line arguments
configure:4752: result: 1572864
configure:4800: checking how to convert x86_64-pc-linux-gnu file names to x86_64-pc-linux-gnu format
configure:4840: result: func_convert_file_noop
configure:4847: checking how to convert x86_64-pc-linux-gnu file names to toolchain format
configure:4867: result: func_convert_file_noop
configure:4874: checking for /usr/x86_64-pc-linux-gnu/bin/ld option to reload object files
configure:4881: result: -r
configure:4955: checking for objdump
configure:4971: found /usr/bin/objdump
configure:4982: result: objdump
configure:5014: checking how to recognize dependent libraries
configure:5214: result: pass_all
configure:5299: checking for dlltool
configure:5329: result: no
configure:5359: checking how to associate runtime and link libraries
configure:5386: result: printf %s\n
configure:5447: checking for ar
configure:5463: found /usr/bin/ar
configure:5474: result: ar
configure:5511: checking for archiver @FILE support
configure:5528: gcc -c -g -O2  conftest.c >&5
configure:5528: $? = 0
configure:5531: ar cru libconftest.a @conftest.lst >&5
configure:5534: $? = 0
configure:5539: ar cru libconftest.a @conftest.lst >&5
ar: conftest.o: No such file or directory
configure:5542: $? = 1
configure:5554: result: @
configure:5612: checking for strip
configure:5628: found /usr/bin/strip
configure:5639: result: strip
configure:5711: checking for ranlib
configure:5727: found /usr/bin/ranlib
configure:5738: result: ranlib
configure:5840: checking command to parse /usr/bin/nm -B output from gcc object
configure:5993: gcc -c -g -O2  conftest.c >&5
configure:5996: $? = 0
configure:6000: /usr/bin/nm -B conftest.o \| sed -n -e 's/^.*[ ]\([ABCDGIRSTW][ABCDGIRSTW]*\)[ ][ ]*\([_A-Za-z][_A-Za-z0-9]*\)$/\1 \2 \2/p' | sed '/ __gnu_lto/d' \> conftest.nm
configure:6003: $? = 0
configure:6069: gcc -o conftest -g -O2   conftest.c conftstm.o >&5
configure:6072: $? = 0
configure:6110: result: ok
configure:6157: checking for sysroot
configure:6187: result: no
configure:6194: checking for a working dd
configure:6232: result: /bin/dd
configure:6236: checking how to truncate binary pipes
configure:6251: result: /bin/dd bs=4096 count=1
configure:6387: gcc -c -g -O2  conftest.c >&5
configure:6390: $? = 0
configure:6580: checking for mt
configure:6610: result: no
configure:6630: checking if : is a manifest tool
configure:6636: : '-?'
configure:6644: result: no
configure:7321: checking how to run the C preprocessor
configure:7352: gcc -E  conftest.c
configure:7352: $? = 0
configure:7366: gcc -E  conftest.c
conftest.c:11:28: fatal error: ac_nonexistent.h: No such file or directory
 #include <ac_nonexistent.h>
                            ^
compilation terminated.
configure:7366: $? = 1
configure: failed program was:
| /* confdefs.h */
| #define PACKAGE_NAME "hello_world"
| #define PACKAGE_TARNAME "hello_world"
| #define PACKAGE_VERSION "0.1"
| #define PACKAGE_STRING "hello_world 0.1"
| #define PACKAGE_BUGREPORT ""
| #define PACKAGE_URL ""
| #define PACKAGE "hello_world"
| #define VERSION "0.1"
| /* end confdefs.h.  */
| #include <ac_nonexistent.h>
configure:7391: result: gcc -E
configure:7411: gcc -E  conftest.c
configure:7411: $? = 0
configure:7425: gcc -E  conftest.c
conftest.c:11:28: fatal error: ac_nonexistent.h: No such file or directory
 #include <ac_nonexistent.h>
                            ^
compilation terminated.
configure:7425: $? = 1
configure: failed program was:
| /* confdefs.h */
| #define PACKAGE_NAME "hello_world"
| #define PACKAGE_TARNAME "hello_world"
| #define PACKAGE_VERSION "0.1"
| #define PACKAGE_STRING "hello_world 0.1"
| #define PACKAGE_BUGREPORT ""
| #define PACKAGE_URL ""
| #define PACKAGE "hello_world"
| #define VERSION "0.1"
| /* end confdefs.h.  */
| #include <ac_nonexistent.h>
configure:7454: checking for ANSI C header files
configure:7474: gcc -c -g -O2  conftest.c >&5
configure:7474: $? = 0
configure:7547: gcc -o conftest -g -O2   conftest.c  >&5
configure:7547: $? = 0
configure:7547: ./conftest
configure:7547: $? = 0
configure:7558: result: yes
configure:7571: checking for sys/types.h
configure:7571: gcc -c -g -O2  conftest.c >&5
configure:7571: $? = 0
configure:7571: result: yes
configure:7571: checking for sys/stat.h
configure:7571: gcc -c -g -O2  conftest.c >&5
configure:7571: $? = 0
configure:7571: result: yes
configure:7571: checking for stdlib.h
configure:7571: gcc -c -g -O2  conftest.c >&5
configure:7571: $? = 0
configure:7571: result: yes
configure:7571: checking for string.h
configure:7571: gcc -c -g -O2  conftest.c >&5
configure:7571: $? = 0
configure:7571: result: yes
configure:7571: checking for memory.h
configure:7571: gcc -c -g -O2  conftest.c >&5
configure:7571: $? = 0
configure:7571: result: yes
configure:7571: checking for strings.h
configure:7571: gcc -c -g -O2  conftest.c >&5
configure:7571: $? = 0
configure:7571: result: yes
configure:7571: checking for inttypes.h
configure:7571: gcc -c -g -O2  conftest.c >&5
configure:7571: $? = 0
configure:7571: result: yes
configure:7571: checking for stdint.h
configure:7571: gcc -c -g -O2  conftest.c >&5
configure:7571: $? = 0
configure:7571: result: yes
configure:7571: checking for unistd.h
configure:7571: gcc -c -g -O2  conftest.c >&5
configure:7571: $? = 0
configure:7571: result: yes
configure:7585: checking for dlfcn.h
configure:7585: gcc -c -g -O2  conftest.c >&5
configure:7585: $? = 0
configure:7585: result: yes
configure:7841: checking for objdir
configure:7856: result: .libs
configure:8120: checking if gcc supports -fno-rtti -fno-exceptions
configure:8138: gcc -c -g -O2  -fno-rtti -fno-exceptions conftest.c >&5
cc1: warning: command line option '-fno-rtti' is valid for C++/ObjC++ but not for C
configure:8142: $? = 0
configure:8155: result: no
configure:8513: checking for gcc option to produce PIC
configure:8520: result: -fPIC -DPIC
configure:8528: checking if gcc PIC flag -fPIC -DPIC works
configure:8546: gcc -c -g -O2  -fPIC -DPIC -DPIC conftest.c >&5
configure:8550: $? = 0
configure:8563: result: yes
configure:8592: checking if gcc static flag -static works
configure:8620: result: yes
configure:8635: checking if gcc supports -c -o file.o
configure:8656: gcc -c -g -O2  -o out/conftest2.o conftest.c >&5
configure:8660: $? = 0
configure:8682: result: yes
configure:8690: checking if gcc supports -c -o file.o
configure:8737: result: yes
configure:8770: checking whether the gcc linker (/usr/x86_64-pc-linux-gnu/bin/ld -m elf_x86_64) supports shared libraries
configure:10029: result: yes
configure:10066: checking whether -lc should be explicitly linked in
configure:10074: gcc -c -g -O2  conftest.c >&5
configure:10077: $? = 0
configure:10092: gcc -shared  -fPIC -DPIC conftest.o  -v -Wl,-soname -Wl,conftest -o conftest 2\>\&1 \| /bin/grep  -lc  \>/dev/null 2\>\&1
configure:10095: $? = 0
configure:10109: result: no
configure:10269: checking dynamic linker characteristics
configure:10863: gcc -o conftest -g -O2   -Wl,-rpath -Wl,/foo conftest.c  >&5
configure:10863: $? = 0
configure:11100: result: GNU/Linux ld.so
configure:11222: checking how to hardcode library paths into programs
configure:11247: result: immediate
configure:11795: checking whether stripping libraries is possible
configure:11800: result: yes
configure:11835: checking if libtool supports shared libraries
configure:11837: result: yes
configure:11840: checking whether to build shared libraries
configure:11865: result: yes
configure:11868: checking whether to build static libraries
configure:11872: result: yes
configure:11958: checking for gcc
configure:11985: result: gcc
configure:12214: checking for C compiler version
configure:12223: gcc --version >&5
gcc (Gentoo 4.9.3 p1.5, pie-0.6.4) 4.9.3
Copyright (C) 2015 Free Software Foundation, Inc.
This is free software; see the source for copying conditions.  There is NO
warranty; not even for MERCHANTABILITY or FITNESS FOR A PARTICULAR PURPOSE.

configure:12234: $? = 0
configure:12223: gcc -v >&5
Using built-in specs.
COLLECT_GCC=/usr/x86_64-pc-linux-gnu/gcc-bin/4.9.3/gcc
COLLECT_LTO_WRAPPER=/usr/libexec/gcc/x86_64-pc-linux-gnu/4.9.3/lto-wrapper
Target: x86_64-pc-linux-gnu
Configured with: /var/tmp/portage/sys-devel/gcc-4.9.3/work/gcc-4.9.3/configure --host=x86_64-pc-linux-gnu --build=x86_64-pc-linux-gnu --prefix=/usr --bindir=/usr/x86_64-pc-linux-gnu/gcc-bin/4.9.3 --includedir=/usr/lib/gcc/x86_64-pc-linux-gnu/4.9.3/include --datadir=/usr/share/gcc-data/x86_64-pc-linux-gnu/4.9.3 --mandir=/usr/share/gcc-data/x86_64-pc-linux-gnu/4.9.3/man --infodir=/usr/share/gcc-data/x86_64-pc-linux-gnu/4.9.3/info --with-gxx-include-dir=/usr/lib/gcc/x86_64-pc-linux-gnu/4.9.3/include/g++-v4 --with-python-dir=/share/gcc-data/x86_64-pc-linux-gnu/4.9.3/python --enable-languages=c,c++,fortran --enable-obsolete --enable-secureplt --disable-werror --with-system-zlib --enable-nls --without-included-gettext --enable-checking=release --with-bugurl=https://bugs.gentoo.org/ --with-pkgversion='Gentoo 4.9.3 p1.5, pie-0.6.4' --enable-libstdcxx-time --enable-shared --enable-threads=posix --enable-__cxa_atexit --enable-clocale=gnu --enable-multilib --with-multilib-list=m32,m64 --disable-altivec --disable-fixed-point --enable-targets=all --disable-libgcj --enable-libgomp --disable-libmudflap --disable-libssp --disable-libcilkrts --enable-lto --without-cloog --enable-libsanitizer
Thread model: posix
gcc version 4.9.3 (Gentoo 4.9.3 p1.5, pie-0.6.4) 
configure:12234: $? = 0
configure:12223: gcc -V >&5
gcc: error: unrecognized command line option '-V'
gcc: fatal error: no input files
compilation terminated.
configure:12234: $? = 1
configure:12223: gcc -qversion >&5
gcc: error: unrecognized command line option '-qversion'
gcc: fatal error: no input files
compilation terminated.
configure:12234: $? = 1
configure:12238: checking whether we are using the GNU C compiler
configure:12266: result: yes
configure:12275: checking whether gcc accepts -g
configure:12336: result: yes
configure:12353: checking for gcc option to accept ISO C89
configure:12429: result: none needed
configure:12454: checking whether gcc understands -c and -o together
configure:12491: result: yes
configure:12510: checking dependency style of gcc
configure:12621: result: gcc3
configure:12691: checking for pkg-config
configure:12709: found /usr/bin/pkg-config
configure:12721: result: /usr/bin/pkg-config
configure:12746: checking pkg-config is at least version 0.9.0
configure:12749: result: yes
configure:12759: checking for MODBUS
configure:12766: $PKG_CONFIG --exists --print-errors "libmodbus"
configure:12769: $? = 0
configure:12783: $PKG_CONFIG --exists --print-errors "libmodbus"
configure:12786: $? = 0
configure:12844: result: yes
configure:12961: checking that generated files are newer than configure
configure:12967: result: done
configure:12994: creating ./config.status

## ---------------- ##
## Cache variables. ##
## ---------------- ##

ac_cv_build=x86_64-pc-linux-gnu
ac_cv_c_compiler_gnu=yes
ac_cv_env_CC_set=
ac_cv_env_CC_value=
ac_cv_env_CFLAGS_set=
ac_cv_env_CFLAGS_value=
ac_cv_env_CPPFLAGS_set=
ac_cv_env_CPPFLAGS_value=
ac_cv_env_CPP_set=
ac_cv_env_CPP_value=
ac_cv_env_LDFLAGS_set=
ac_cv_env_LDFLAGS_value=
ac_cv_env_LIBS_set=
ac_cv_env_LIBS_value=
ac_cv_env_LT_SYS_LIBRARY_PATH_set=
ac_cv_env_LT_SYS_LIBRARY_PATH_value=
ac_cv_env_MODBUS_CFLAGS_set=
ac_cv_env_MODBUS_CFLAGS_value=
ac_cv_env_MODBUS_LIBS_set=
ac_cv_env_MODBUS_LIBS_value=
ac_cv_env_PKG_CONFIG_LIBDIR_set=
ac_cv_env_PKG_CONFIG_LIBDIR_value=
ac_cv_env_PKG_CONFIG_PATH_set=
ac_cv_env_PKG_CONFIG_PATH_value=
ac_cv_env_PKG_CONFIG_set=
ac_cv_env_PKG_CONFIG_value=
ac_cv_env_build_alias_set=
ac_cv_env_build_alias_value=
ac_cv_env_host_alias_set=
ac_cv_env_host_alias_value=
ac_cv_env_target_alias_set=
ac_cv_env_target_alias_value=
ac_cv_header_dlfcn_h=yes
ac_cv_header_inttypes_h=yes
ac_cv_header_memory_h=yes
ac_cv_header_stdc=yes
ac_cv_header_stdint_h=yes
ac_cv_header_stdlib_h=yes
ac_cv_header_string_h=yes
ac_cv_header_strings_h=yes
ac_cv_header_sys_stat_h=yes
ac_cv_header_sys_types_h=yes
ac_cv_header_unistd_h=yes
ac_cv_host=x86_64-pc-linux-gnu
ac_cv_objext=o
ac_cv_path_EGREP='/bin/grep -E'
ac_cv_path_FGREP='/bin/grep -F'
ac_cv_path_GREP=/bin/grep
ac_cv_path_SED=/bin/sed
ac_cv_path_ac_pt_PKG_CONFIG=/usr/bin/pkg-config
ac_cv_path_install='/usr/bin/install -c'
ac_cv_path_lt_DD=/bin/dd
ac_cv_path_mkdir=/bin/mkdir
ac_cv_prog_AWK=gawk
ac_cv_prog_CPP='gcc -E'
ac_cv_prog_ac_ct_AR=ar
ac_cv_prog_ac_ct_CC=gcc
ac_cv_prog_ac_ct_OBJDUMP=objdump
ac_cv_prog_ac_ct_RANLIB=ranlib
ac_cv_prog_ac_ct_STRIP=strip
ac_cv_prog_cc_c89=
ac_cv_prog_cc_g=yes
ac_cv_prog_make_make_set=yes
am_cv_CC_dependencies_compiler_type=gcc3
am_cv_make_support_nested_variables=yes
am_cv_prog_cc_c_o=yes
lt_cv_ar_at_file=@
lt_cv_archive_cmds_need_lc=no
lt_cv_deplibs_check_method=pass_all
lt_cv_file_magic_cmd='$MAGIC_CMD'
lt_cv_file_magic_test_file=
lt_cv_ld_reload_flag=-r
lt_cv_nm_interface='BSD nm'
lt_cv_objdir=.libs
lt_cv_path_LD=/usr/x86_64-pc-linux-gnu/bin/ld
lt_cv_path_NM='/usr/bin/nm -B'
lt_cv_path_mainfest_tool=no
lt_cv_prog_compiler_c_o=yes
lt_cv_prog_compiler_pic='-fPIC -DPIC'
lt_cv_prog_compiler_pic_works=yes
lt_cv_prog_compiler_rtti_exceptions=no
lt_cv_prog_compiler_static_works=yes
lt_cv_prog_gnu_ld=yes
lt_cv_sharedlib_from_linklib_cmd='printf %s\n'
lt_cv_shlibpath_overrides_runpath=yes
lt_cv_sys_global_symbol_pipe='sed -n -e '\''s/^.*[	 ]\([ABCDGIRSTW][ABCDGIRSTW]*\)[	 ][	 ]*\([_A-Za-z][_A-Za-z0-9]*\)$/\1 \2 \2/p'\'' | sed '\''/ __gnu_lto/d'\'''
lt_cv_sys_global_symbol_to_c_name_address='sed -n -e '\''s/^: \(.*\) .*$/  {"\1", (void *) 0},/p'\'' -e '\''s/^[ABCDGIRSTW][ABCDGIRSTW]* .* \(.*\)$/  {"\1", (void *) \&\1},/p'\'''
lt_cv_sys_global_symbol_to_c_name_address_lib_prefix='sed -n -e '\''s/^: \(.*\) .*$/  {"\1", (void *) 0},/p'\'' -e '\''s/^[ABCDGIRSTW][ABCDGIRSTW]* .* \(lib.*\)$/  {"\1", (void *) \&\1},/p'\'' -e '\''s/^[ABCDGIRSTW][ABCDGIRSTW]* .* \(.*\)$/  {"lib\1", (void *) \&\1},/p'\'''
lt_cv_sys_global_symbol_to_cdecl='sed -n -e '\''s/^T .* \(.*\)$/extern int \1();/p'\'' -e '\''s/^[ABCDGIRSTW][ABCDGIRSTW]* .* \(.*\)$/extern char \1;/p'\'''
lt_cv_sys_global_symbol_to_import=
lt_cv_sys_max_cmd_len=1572864
lt_cv_to_host_file_cmd=func_convert_file_noop
lt_cv_to_tool_file_cmd=func_convert_file_noop
lt_cv_truncate_bin='/bin/dd bs=4096 count=1'
pkg_cv_MODBUS_CFLAGS='-I/usr/include/modbus '
pkg_cv_MODBUS_LIBS='-lmodbus '

## ----------------- ##
## Output variables. ##
## ----------------- ##

ACLOCAL='${SHELL} /home/init_user/project/3/config/missing aclocal-1.15'
AMDEPBACKSLASH='\'
AMDEP_FALSE='#'
AMDEP_TRUE=''
AMTAR='$${TAR-tar}'
AM_BACKSLASH='\'
AM_DEFAULT_V='$(AM_DEFAULT_VERBOSITY)'
AM_DEFAULT_VERBOSITY='0'
AM_V='$(V)'
AR='ar'
AUTOCONF='${SHELL} /home/init_user/project/3/config/missing autoconf'
AUTOHEADER='${SHELL} /home/init_user/project/3/config/missing autoheader'
AUTOMAKE='${SHELL} /home/init_user/project/3/config/missing automake-1.15'
AWK='gawk'
CC='gcc'
CCDEPMODE='depmode=gcc3'
CFLAGS='-g -O2'
CPP='gcc -E'
CPPFLAGS=''
CYGPATH_W='echo'
DEFS='-DHAVE_CONFIG_H'
DEPDIR='.deps'
DLLTOOL='false'
DSYMUTIL=''
DUMPBIN=''
ECHO_C=''
ECHO_N='-n'
ECHO_T=''
EGREP='/bin/grep -E'
EXEEXT=''
FGREP='/bin/grep -F'
GREP='/bin/grep'
INSTALL_DATA='${INSTALL} -m 644'
INSTALL_PROGRAM='${INSTALL}'
INSTALL_SCRIPT='${INSTALL}'
INSTALL_STRIP_PROGRAM='$(install_sh) -c -s'
LD='/usr/x86_64-pc-linux-gnu/bin/ld -m elf_x86_64'
LDFLAGS=''
LIBOBJS=''
LIBS=''
LIBTOOL='$(SHELL) $(top_builddir)/libtool'
LIPO=''
LN_S='ln -s'
LTLIBOBJS=''
LT_SYS_LIBRARY_PATH=''
MAKEINFO='${SHELL} /home/init_user/project/3/config/missing makeinfo'
MANIFEST_TOOL=':'
MKDIR_P='/bin/mkdir -p'
MODBUS_CFLAGS='-I/usr/include/modbus '
MODBUS_LIBS='-lmodbus '
NM='/usr/bin/nm -B'
NMEDIT=''
OBJDUMP='objdump'
OBJEXT='o'
OTOOL64=''
OTOOL=''
PACKAGE='hello_world'
PACKAGE_BUGREPORT=''
PACKAGE_NAME='hello_world'
PACKAGE_STRING='hello_world 0.1'
PACKAGE_TARNAME='hello_world'
PACKAGE_URL=''
PACKAGE_VERSION='0.1'
PATH_SEPARATOR=':'
PKG_CONFIG='/usr/bin/pkg-config'
PKG_CONFIG_LIBDIR=''
PKG_CONFIG_PATH=''
RANLIB='ranlib'
SED='/bin/sed'
SET_MAKE=''
SHELL='/bin/sh'
STRIP='strip'
VERSION='0.1'
ac_ct_AR='ar'
ac_ct_CC='gcc'
ac_ct_DUMPBIN=''
am__EXEEXT_FALSE=''
am__EXEEXT_TRUE='#'
am__fastdepCC_FALSE='#'
am__fastdepCC_TRUE=''
am__include='include'
am__isrc=''
am__leading_dot='.'
am__nodep='_no'
am__quote=''
am__tar='$${TAR-tar} chof - "$$tardir"'
am__untar='$${TAR-tar} xf -'
bindir='${exec_prefix}/bin'
build='x86_64-pc-linux-gnu'
build_alias=''
build_cpu='x86_64'
build_os='linux-gnu'
build_vendor='pc'
datadir='${datarootdir}'
datarootdir='${prefix}/share'
docdir='${datarootdir}/doc/${PACKAGE_TARNAME}'
dvidir='${docdir}'
exec_prefix='${prefix}'
host='x86_64-pc-linux-gnu'
host_alias=''
host_cpu='x86_64'
host_os='linux-gnu'
host_vendor='pc'
htmldir='${docdir}'
includedir='${prefix}/include'
infodir='${datarootdir}/info'
install_sh='${SHELL} /home/init_user/project/3/config/install-sh'
libdir='${exec_prefix}/lib'
libexecdir='${exec_prefix}/libexec'
localedir='${datarootdir}/locale'
localstatedir='${prefix}/var'
mandir='${datarootdir}/man'
mkdir_p='$(MKDIR_P)'
oldincludedir='/usr/include'
pdfdir='${docdir}'
prefix='/usr/local'
program_transform_name='s,x,x,'
psdir='${docdir}'
sbindir='${exec_prefix}/sbin'
sharedstatedir='${prefix}/com'
sysconfdir='${prefix}/etc'
target_alias=''

## ----------- ##
## confdefs.h. ##
## ----------- ##

/* confdefs.h */
#define PACKAGE_NAME "hello_world"
#define PACKAGE_TARNAME "hello_world"
#define PACKAGE_VERSION "0.1"
#define PACKAGE_STRING "hello_world 0.1"
#define PACKAGE_BUGREPORT ""
#define PACKAGE_URL ""
#define PACKAGE "hello_world"
#define VERSION "0.1"
#define STDC_HEADERS 1
#define HAVE_SYS_TYPES_H 1
#define HAVE_SYS_STAT_H 1
#define HAVE_STDLIB_H 1
#define HAVE_STRING_H 1
#define HAVE_MEMORY_H 1
#define HAVE_STRINGS_H 1
#define HAVE_INTTYPES_H 1
#define HAVE_STDINT_H 1
#define HAVE_UNISTD_H 1
#define HAVE_DLFCN_H 1
#define LT_OBJDIR ".libs/"

configure: exit 0

## ---------------------- ##
## Running config.status. ##
## ---------------------- ##

This file was extended by hello_world config.status 0.1, which was
generated by GNU Autoconf 2.69.  Invocation command line was

  CONFIG_FILES    = 
  CONFIG_HEADERS  = 
  CONFIG_LINKS    = 
  CONFIG_COMMANDS = 
  $ ./config.status 

on gentoo-usb

config.status:1089: creating Makefile
config.status:1089: creating src/Makefile
config.status:1089: creating config.h
config.status:1270: config.h is unchanged
config.status:1318: executing depfiles commands
config.status:1318: executing libtool commands

## ---------------------- ##
## Running config.status. ##
## ---------------------- ##

This file was extended by hello_world config.status 0.1, which was
generated by GNU Autoconf 2.69.  Invocation command line was

  CONFIG_FILES    = 
  CONFIG_HEADERS  = 
  CONFIG_LINKS    = 
  CONFIG_COMMANDS = 
  $ ./config.status config.h

on gentoo-usb

config.status:1089: creating config.h
config.status:1270: config.h is unchanged
