This file contains any messages produced by compilers while
running configure, to aid debugging if configure makes a mistake.

It was created by EES4100_Testbench configure 0.1, which was
generated by GNU Autoconf 2.69.  Invocation command line was

  $ ./configure 

## --------- ##
## Platform. ##
## --------- ##

hostname = gentoo-usb
uname -m = x86_64
uname -r = 4.1.15-gentoo-r1
uname -s = Linux
uname -v = #2 SMP Thu Feb 4 11:47:40 AEDT 2016

/usr/bin/uname -p = Intel(R) Core(TM) i5-4570S CPU @ 2.90GHz
/bin/uname -X     = unknown

/bin/arch              = unknown
/usr/bin/arch -k       = unknown
/usr/convex/getsysinfo = unknown
/usr/bin/hostinfo      = unknown
/bin/machine           = unknown
/usr/bin/oslevel       = unknown
/bin/universe          = unknown

PATH: /usr/local/bin
PATH: /usr/bin
PATH: /bin
PATH: /opt/bin
PATH: /usr/x86_64-pc-linux-gnu/gcc-bin/4.9.3


## ----------- ##
## Core tests. ##
## ----------- ##

configure:2193: checking for a BSD-compatible install
configure:2261: result: /usr/bin/install -c
configure:2272: checking whether build environment is sane
configure:2327: result: yes
configure:2478: checking for a thread-safe mkdir -p
configure:2517: result: /bin/mkdir -p
configure:2524: checking for gawk
configure:2540: found /usr/bin/gawk
configure:2551: result: gawk
configure:2562: checking whether make sets $(MAKE)
configure:2584: result: yes
configure:2613: checking whether make supports nested variables
configure:2630: result: yes
configure:2767: checking whether make supports nested variables
configure:2784: result: yes
configure:2825: checking build system type
configure:2839: result: x86_64-pc-linux-gnu
configure:2859: checking host system type
configure:2872: result: x86_64-pc-linux-gnu
configure:2913: checking how to print strings
configure:2940: result: printf
configure:2973: checking for style of include used by make
configure:3001: result: GNU
configure:3072: checking for gcc
configure:3088: found /usr/bin/gcc
configure:3099: result: gcc
configure:3328: checking for C compiler version
configure:3337: gcc --version >&5
gcc (Gentoo 4.9.3 p1.5, pie-0.6.4) 4.9.3
Copyright (C) 2015 Free Software Foundation, Inc.
This is free software; see the source for copying conditions.  There is NO
warranty; not even for MERCHANTABILITY or FITNESS FOR A PARTICULAR PURPOSE.

configure:3348: $? = 0
configure:3337: gcc -v >&5
Using built-in specs.
COLLECT_GCC=/usr/x86_64-pc-linux-gnu/gcc-bin/4.9.3/gcc
COLLECT_LTO_WRAPPER=/usr/libexec/gcc/x86_64-pc-linux-gnu/4.9.3/lto-wrapper
Target: x86_64-pc-linux-gnu
Configured with: /var/tmp/portage/sys-devel/gcc-4.9.3/work/gcc-4.9.3/configure --host=x86_64-pc-linux-gnu --build=x86_64-pc-linux-gnu --prefix=/usr --bindir=/usr/x86_64-pc-linux-gnu/gcc-bin/4.9.3 --includedir=/usr/lib/gcc/x86_64-pc-linux-gnu/4.9.3/include --datadir=/usr/share/gcc-data/x86_64-pc-linux-gnu/4.9.3 --mandir=/usr/share/gcc-data/x86_64-pc-linux-gnu/4.9.3/man --infodir=/usr/share/gcc-data/x86_64-pc-linux-gnu/4.9.3/info --with-gxx-include-dir=/usr/lib/gcc/x86_64-pc-linux-gnu/4.9.3/include/g++-v4 --with-python-dir=/share/gcc-data/x86_64-pc-linux-gnu/4.9.3/python --enable-languages=c,c++,fortran --enable-obsolete --enable-secureplt --disable-werror --with-system-zlib --enable-nls --without-included-gettext --enable-checking=release --with-bugurl=https://bugs.gentoo.org/ --with-pkgversion='Gentoo 4.9.3 p1.5, pie-0.6.4' --enable-libstdcxx-time --enable-shared --enable-threads=posix --enable-__cxa_atexit --enable-clocale=gnu --enable-multilib --with-multilib-list=m32,m64 --disable-altivec --disable-fixed-point --enable-targets=all --disable-libgcj --enable-libgomp --disable-libmudflap --disable-libssp --disable-libcilkrts --enable-lto --without-cloog --enable-libsanitizer
Thread model: posix
gcc version 4.9.3 (Gentoo 4.9.3 p1.5, pie-0.6.4) 
configure:3348: $? = 0
configure:3337: gcc -V >&5
gcc: error: unrecognized command line option '-V'
gcc: fatal error: no input files
compilation terminated.
configure:3348: $? = 1
configure:3337: gcc -qversion >&5
gcc: error: unrecognized command line option '-qversion'
gcc: fatal error: no input files
compilation terminated.
configure:3348: $? = 1
configure:3368: checking whether the C compiler works
configure:3390: gcc    conftest.c  >&5
configure:3394: $? = 0
configure:3442: result: yes
configure:3445: checking for C compiler default output file name
configure:3447: result: a.out
configure:3453: checking for suffix of executables
configure:3460: gcc -o conftest    conftest.c  >&5
configure:3464: $? = 0
configure:3486: result: 
configure:3508: checking whether we are cross compiling
configure:3516: gcc -o conftest    conftest.c  >&5
configure:3520: $? = 0
configure:3527: ./conftest
configure:3531: $? = 0
configure:3546: result: no
configure:3551: checking for suffix of object files
configure:3573: gcc -c   conftest.c >&5
configure:3577: $? = 0
configure:3598: result: o
configure:3602: checking whether we are using the GNU C compiler
configure:3621: gcc -c   conftest.c >&5
configure:3621: $? = 0
configure:3630: result: yes
configure:3639: checking whether gcc accepts -g
configure:3659: gcc -c -g  conftest.c >&5
configure:3659: $? = 0
configure:3700: result: yes
configure:3717: checking for gcc option to accept ISO C89
configure:3780: gcc  -c -g -O2  conftest.c >&5
configure:3780: $? = 0
configure:3793: result: none needed
configure:3818: checking whether gcc understands -c and -o together
configure:3840: gcc -c conftest.c -o conftest2.o
configure:3843: $? = 0
configure:3840: gcc -c conftest.c -o conftest2.o
configure:3843: $? = 0
configure:3855: result: yes
configure:3874: checking dependency style of gcc
configure:3985: result: gcc3
configure:4000: checking for a sed that does not truncate output
configure:4064: result: /bin/sed
configure:4082: checking for grep that handles long lines and -e
configure:4140: result: /bin/grep
configure:4145: checking for egrep
configure:4207: result: /bin/grep -E
configure:4212: checking for fgrep
configure:4274: result: /bin/grep -F
configure:4309: checking for ld used by gcc
configure:4376: result: /usr/x86_64-pc-linux-gnu/bin/ld
configure:4383: checking if the linker (/usr/x86_64-pc-linux-gnu/bin/ld) is GNU ld
configure:4398: result: yes
configure:4410: checking for BSD- or MS-compatible name lister (nm)
configure:4464: result: /usr/bin/nm -B
configure:4594: checking the name lister (/usr/bin/nm -B) interface
configure:4601: gcc -c -g -O2  conftest.c >&5
configure:4604: /usr/bin/nm -B "conftest.o"
configure:4607: output
0000000000000000 B some_variable
configure:4614: result: BSD nm
configure:4617: checking whether ln -s works
configure:4621: result: yes
configure:4629: checking the maximum length of command line arguments
configure:4760: result: 1572864
configure:4808: checking how to convert x86_64-pc-linux-gnu file names to x86_64-pc-linux-gnu format
configure:4848: result: func_convert_file_noop
configure:4855: checking how to convert x86_64-pc-linux-gnu file names to toolchain format
configure:4875: result: func_convert_file_noop
configure:4882: checking for /usr/x86_64-pc-linux-gnu/bin/ld option to reload object files
configure:4889: result: -r
configure:4963: checking for objdump
configure:4979: found /usr/bin/objdump
configure:4990: result: objdump
configure:5022: checking how to recognize dependent libraries
configure:5222: result: pass_all
configure:5307: checking for dlltool
configure:5337: result: no
configure:5367: checking how to associate runtime and link libraries
configure:5394: result: printf %s\n
configure:5455: checking for ar
configure:5471: found /usr/bin/ar
configure:5482: result: ar
configure:5519: checking for archiver @FILE support
configure:5536: gcc -c -g -O2  conftest.c >&5
configure:5536: $? = 0
configure:5539: ar cru libconftest.a @conftest.lst >&5
configure:5542: $? = 0
configure:5547: ar cru libconftest.a @conftest.lst >&5
ar: conftest.o: No such file or directory
configure:5550: $? = 1
configure:5562: result: @
configure:5620: checking for strip
configure:5636: found /usr/bin/strip
configure:5647: result: strip
configure:5719: checking for ranlib
configure:5735: found /usr/bin/ranlib
configure:5746: result: ranlib
configure:5848: checking command to parse /usr/bin/nm -B output from gcc object
configure:6001: gcc -c -g -O2  conftest.c >&5
configure:6004: $? = 0
configure:6008: /usr/bin/nm -B conftest.o \| sed -n -e 's/^.*[ ]\([ABCDGIRSTW][ABCDGIRSTW]*\)[ ][ ]*\([_A-Za-z][_A-Za-z0-9]*\)$/\1 \2 \2/p' | sed '/ __gnu_lto/d' \> conftest.nm
configure:6011: $? = 0
configure:6077: gcc -o conftest -g -O2   conftest.c conftstm.o >&5
configure:6080: $? = 0
configure:6118: result: ok
configure:6165: checking for sysroot
configure:6195: result: no
configure:6202: checking for a working dd
configure:6240: result: /bin/dd
configure:6244: checking how to truncate binary pipes
configure:6259: result: /bin/dd bs=4096 count=1
configure:6395: gcc -c -g -O2  conftest.c >&5
configure:6398: $? = 0
configure:6588: checking for mt
configure:6618: result: no
configure:6638: checking if : is a manifest tool
configure:6644: : '-?'
configure:6652: result: no
configure:7329: checking how to run the C preprocessor
configure:7360: gcc -E  conftest.c
configure:7360: $? = 0
configure:7374: gcc -E  conftest.c
conftest.c:11:28: fatal error: ac_nonexistent.h: No such file or directory
 #include <ac_nonexistent.h>
                            ^
compilation terminated.
configure:7374: $? = 1
configure: failed program was:
| /* confdefs.h */
| #define PACKAGE_NAME "EES4100_Testbench"
| #define PACKAGE_TARNAME "ees4100_testbench"
| #define PACKAGE_VERSION "0.1"
| #define PACKAGE_STRING "EES4100_Testbench 0.1"
| #define PACKAGE_BUGREPORT ""
| #define PACKAGE_URL ""
| #define PACKAGE "ees4100_testbench"
| #define VERSION "0.1"
| /* end confdefs.h.  */
| #include <ac_nonexistent.h>
configure:7399: result: gcc -E
configure:7419: gcc -E  conftest.c
configure:7419: $? = 0
configure:7433: gcc -E  conftest.c
conftest.c:11:28: fatal error: ac_nonexistent.h: No such file or directory
 #include <ac_nonexistent.h>
                            ^
compilation terminated.
configure:7433: $? = 1
configure: failed program was:
| /* confdefs.h */
| #define PACKAGE_NAME "EES4100_Testbench"
| #define PACKAGE_TARNAME "ees4100_testbench"
| #define PACKAGE_VERSION "0.1"
| #define PACKAGE_STRING "EES4100_Testbench 0.1"
| #define PACKAGE_BUGREPORT ""
| #define PACKAGE_URL ""
| #define PACKAGE "ees4100_testbench"
| #define VERSION "0.1"
| /* end confdefs.h.  */
| #include <ac_nonexistent.h>
configure:7462: checking for ANSI C header files
configure:7482: gcc -c -g -O2  conftest.c >&5
configure:7482: $? = 0
configure:7555: gcc -o conftest -g -O2   conftest.c  >&5
configure:7555: $? = 0
configure:7555: ./conftest
configure:7555: $? = 0
configure:7566: result: yes
configure:7579: checking for sys/types.h
configure:7579: gcc -c -g -O2  conftest.c >&5
configure:7579: $? = 0
configure:7579: result: yes
configure:7579: checking for sys/stat.h
configure:7579: gcc -c -g -O2  conftest.c >&5
configure:7579: $? = 0
configure:7579: result: yes
configure:7579: checking for stdlib.h
configure:7579: gcc -c -g -O2  conftest.c >&5
configure:7579: $? = 0
configure:7579: result: yes
configure:7579: checking for string.h
configure:7579: gcc -c -g -O2  conftest.c >&5
configure:7579: $? = 0
configure:7579: result: yes
configure:7579: checking for memory.h
configure:7579: gcc -c -g -O2  conftest.c >&5
configure:7579: $? = 0
configure:7579: result: yes
configure:7579: checking for strings.h
configure:7579: gcc -c -g -O2  conftest.c >&5
configure:7579: $? = 0
configure:7579: result: yes
configure:7579: checking for inttypes.h
configure:7579: gcc -c -g -O2  conftest.c >&5
configure:7579: $? = 0
configure:7579: result: yes
configure:7579: checking for stdint.h
configure:7579: gcc -c -g -O2  conftest.c >&5
configure:7579: $? = 0
configure:7579: result: yes
configure:7579: checking for unistd.h
configure:7579: gcc -c -g -O2  conftest.c >&5
configure:7579: $? = 0
configure:7579: result: yes
configure:7593: checking for dlfcn.h
configure:7593: gcc -c -g -O2  conftest.c >&5
configure:7593: $? = 0
configure:7593: result: yes
configure:7849: checking for objdir
configure:7864: result: .libs
configure:8128: checking if gcc supports -fno-rtti -fno-exceptions
configure:8146: gcc -c -g -O2  -fno-rtti -fno-exceptions conftest.c >&5
cc1: warning: command line option '-fno-rtti' is valid for C++/ObjC++ but not for C
configure:8150: $? = 0
configure:8163: result: no
configure:8521: checking for gcc option to produce PIC
configure:8528: result: -fPIC -DPIC
configure:8536: checking if gcc PIC flag -fPIC -DPIC works
configure:8554: gcc -c -g -O2  -fPIC -DPIC -DPIC conftest.c >&5
configure:8558: $? = 0
configure:8571: result: yes
configure:8600: checking if gcc static flag -static works
configure:8628: result: yes
configure:8643: checking if gcc supports -c -o file.o
configure:8664: gcc -c -g -O2  -o out/conftest2.o conftest.c >&5
configure:8668: $? = 0
configure:8690: result: yes
configure:8698: checking if gcc supports -c -o file.o
configure:8745: result: yes
configure:8778: checking whether the gcc linker (/usr/x86_64-pc-linux-gnu/bin/ld -m elf_x86_64) supports shared libraries
configure:10037: result: yes
configure:10074: checking whether -lc should be explicitly linked in
configure:10082: gcc -c -g -O2  conftest.c >&5
configure:10085: $? = 0
configure:10100: gcc -shared  -fPIC -DPIC conftest.o  -v -Wl,-soname -Wl,conftest -o conftest 2\>\&1 \| /bin/grep  -lc  \>/dev/null 2\>\&1
configure:10103: $? = 0
configure:10117: result: no
configure:10277: checking dynamic linker characteristics
configure:10871: gcc -o conftest -g -O2   -Wl,-rpath -Wl,/foo conftest.c  >&5
configure:10871: $? = 0
configure:11108: result: GNU/Linux ld.so
configure:11230: checking how to hardcode library paths into programs
configure:11255: result: immediate
configure:11803: checking whether stripping libraries is possible
configure:11808: result: yes
configure:11843: checking if libtool supports shared libraries
configure:11845: result: yes
configure:11848: checking whether to build shared libraries
configure:11873: result: yes
configure:11876: checking whether to build static libraries
configure:11880: result: yes
configure:11966: checking for gcc
configure:11993: result: gcc
configure:12222: checking for C compiler version
configure:12231: gcc --version >&5
gcc (Gentoo 4.9.3 p1.5, pie-0.6.4) 4.9.3
Copyright (C) 2015 Free Software Foundation, Inc.
This is free software; see the source for copying conditions.  There is NO
warranty; not even for MERCHANTABILITY or FITNESS FOR A PARTICULAR PURPOSE.

configure:12242: $? = 0
configure:12231: gcc -v >&5
Using built-in specs.
COLLECT_GCC=/usr/x86_64-pc-linux-gnu/gcc-bin/4.9.3/gcc
COLLECT_LTO_WRAPPER=/usr/libexec/gcc/x86_64-pc-linux-gnu/4.9.3/lto-wrapper
Target: x86_64-pc-linux-gnu
Configured with: /var/tmp/portage/sys-devel/gcc-4.9.3/work/gcc-4.9.3/configure --host=x86_64-pc-linux-gnu --build=x86_64-pc-linux-gnu --prefix=/usr --bindir=/usr/x86_64-pc-linux-gnu/gcc-bin/4.9.3 --includedir=/usr/lib/gcc/x86_64-pc-linux-gnu/4.9.3/include --datadir=/usr/share/gcc-data/x86_64-pc-linux-gnu/4.9.3 --mandir=/usr/share/gcc-data/x86_64-pc-linux-gnu/4.9.3/man --infodir=/usr/share/gcc-data/x86_64-pc-linux-gnu/4.9.3/info --with-gxx-include-dir=/usr/lib/gcc/x86_64-pc-linux-gnu/4.9.3/include/g++-v4 --with-python-dir=/share/gcc-data/x86_64-pc-linux-gnu/4.9.3/python --enable-languages=c,c++,fortran --enable-obsolete --enable-secureplt --disable-werror --with-system-zlib --enable-nls --without-included-gettext --enable-checking=release --with-bugurl=https://bugs.gentoo.org/ --with-pkgversion='Gentoo 4.9.3 p1.5, pie-0.6.4' --enable-libstdcxx-time --enable-shared --enable-threads=posix --enable-__cxa_atexit --enable-clocale=gnu --enable-multilib --with-multilib-list=m32,m64 --disable-altivec --disable-fixed-point --enable-targets=all --disable-libgcj --enable-libgomp --disable-libmudflap --disable-libssp --disable-libcilkrts --enable-lto --without-cloog --enable-libsanitizer
Thread model: posix
gcc version 4.9.3 (Gentoo 4.9.3 p1.5, pie-0.6.4) 
configure:12242: $? = 0
configure:12231: gcc -V >&5
gcc: error: unrecognized command line option '-V'
gcc: fatal error: no input files
compilation terminated.
configure:12242: $? = 1
configure:12231: gcc -qversion >&5
gcc: error: unrecognized command line option '-qversion'
gcc: fatal error: no input files
compilation terminated.
configure:12242: $? = 1
configure:12246: checking whether we are using the GNU C compiler
configure:12274: result: yes
configure:12283: checking whether gcc accepts -g
configure:12344: result: yes
configure:12361: checking for gcc option to accept ISO C89
configure:12437: result: none needed
configure:12462: checking whether gcc understands -c and -o together
configure:12499: result: yes
configure:12518: checking dependency style of gcc
configure:12629: result: gcc3
configure:12700: checking for pkg-config
configure:12718: found /usr/bin/pkg-config
configure:12730: result: /usr/bin/pkg-config
configure:12755: checking pkg-config is at least version 0.9.0
configure:12758: result: yes
configure:12768: checking for MODBUS
configure:12775: $PKG_CONFIG --exists --print-errors "libmodbus"
configure:12778: $? = 0
configure:12792: $PKG_CONFIG --exists --print-errors "libmodbus"
configure:12795: $? = 0
configure:12853: result: yes
configure:12859: checking for BACNET
configure:12866: $PKG_CONFIG --exists --print-errors "libbacnet"
configure:12869: $? = 0
configure:12883: $PKG_CONFIG --exists --print-errors "libbacnet"
configure:12886: $? = 0
configure:12944: result: yes
configure:12949: checking for library containing pthread_create
configure:12980: gcc -o conftest -g -O2   conftest.c  >&5
/tmp/ccI2GV3O.o: In function `main':
/home/init_user/project/KMTaylor/conftest.c:34: undefined reference to `pthread_create'
collect2: error: ld returned 1 exit status
configure:12980: $? = 1
configure: failed program was:
| /* confdefs.h */
| #define PACKAGE_NAME "EES4100_Testbench"
| #define PACKAGE_TARNAME "ees4100_testbench"
| #define PACKAGE_VERSION "0.1"
| #define PACKAGE_STRING "EES4100_Testbench 0.1"
| #define PACKAGE_BUGREPORT ""
| #define PACKAGE_URL ""
| #define PACKAGE "ees4100_testbench"
| #define VERSION "0.1"
| #define STDC_HEADERS 1
| #define HAVE_SYS_TYPES_H 1
| #define HAVE_SYS_STAT_H 1
| #define HAVE_STDLIB_H 1
| #define HAVE_STRING_H 1
| #define HAVE_MEMORY_H 1
| #define HAVE_STRINGS_H 1
| #define HAVE_INTTYPES_H 1
| #define HAVE_STDINT_H 1
| #define HAVE_UNISTD_H 1
| #define HAVE_DLFCN_H 1
| #define LT_OBJDIR ".libs/"
| /* end confdefs.h.  */
| 
| /* Override any GCC internal prototype to avoid an error.
|    Use char because int might match the return type of a GCC
|    builtin and then its argument prototype would still apply.  */
| #ifdef __cplusplus
| extern "C"
| #endif
| char pthread_create ();
| int
| main ()
| {
| return pthread_create ();
|   ;
|   return 0;
| }
configure:12980: gcc -o conftest -g -O2   conftest.c -lpthread   >&5
configure:12980: $? = 0
configure:12997: result: -lpthread
configure:13120: checking that generated files are newer than configure
configure:13126: result: done
configure:13153: creating ./config.status

## ---------------------- ##
## Running config.status. ##
## ---------------------- ##

This file was extended by EES4100_Testbench config.status 0.1, which was
generated by GNU Autoconf 2.69.  Invocation command line was

  CONFIG_FILES    = 
  CONFIG_HEADERS  = 
  CONFIG_LINKS    = 
  CONFIG_COMMANDS = 
  $ ./config.status 

on gentoo-usb

config.status:1093: creating Makefile
config.status:1093: creating scripts/Makefile
config.status:1093: creating common/Makefile
config.status:1093: creating src/Makefile
config.status:1093: creating config/config.h
config.status:1274: config/config.h is unchanged
config.status:1322: executing depfiles commands
config.status:1322: executing libtool commands

## ---------------- ##
## Cache variables. ##
## ---------------- ##

ac_cv_build=x86_64-pc-linux-gnu
ac_cv_c_compiler_gnu=yes
ac_cv_env_BACNET_CFLAGS_set=
ac_cv_env_BACNET_CFLAGS_value=
ac_cv_env_BACNET_LIBS_set=
ac_cv_env_BACNET_LIBS_value=
ac_cv_env_CC_set=
ac_cv_env_CC_value=
ac_cv_env_CFLAGS_set=
ac_cv_env_CFLAGS_value=
ac_cv_env_CPPFLAGS_set=
ac_cv_env_CPPFLAGS_value=
ac_cv_env_CPP_set=
ac_cv_env_CPP_value=
ac_cv_env_LDFLAGS_set=
ac_cv_env_LDFLAGS_value=
ac_cv_env_LIBS_set=
ac_cv_env_LIBS_value=
ac_cv_env_LT_SYS_LIBRARY_PATH_set=
ac_cv_env_LT_SYS_LIBRARY_PATH_value=
ac_cv_env_MODBUS_CFLAGS_set=
ac_cv_env_MODBUS_CFLAGS_value=
ac_cv_env_MODBUS_LIBS_set=
ac_cv_env_MODBUS_LIBS_value=
ac_cv_env_PKG_CONFIG_LIBDIR_set=
ac_cv_env_PKG_CONFIG_LIBDIR_value=
ac_cv_env_PKG_CONFIG_PATH_set=
ac_cv_env_PKG_CONFIG_PATH_value=
ac_cv_env_PKG_CONFIG_set=
ac_cv_env_PKG_CONFIG_value=
ac_cv_env_build_alias_set=
ac_cv_env_build_alias_value=
ac_cv_env_host_alias_set=
ac_cv_env_host_alias_value=
ac_cv_env_target_alias_set=
ac_cv_env_target_alias_value=
ac_cv_header_dlfcn_h=yes
ac_cv_header_inttypes_h=yes
ac_cv_header_memory_h=yes
ac_cv_header_stdc=yes
ac_cv_header_stdint_h=yes
ac_cv_header_stdlib_h=yes
ac_cv_header_string_h=yes
ac_cv_header_strings_h=yes
ac_cv_header_sys_stat_h=yes
ac_cv_header_sys_types_h=yes
ac_cv_header_unistd_h=yes
ac_cv_host=x86_64-pc-linux-gnu
ac_cv_objext=o
ac_cv_path_EGREP='/bin/grep -E'
ac_cv_path_FGREP='/bin/grep -F'
ac_cv_path_GREP=/bin/grep
ac_cv_path_SED=/bin/sed
ac_cv_path_ac_pt_PKG_CONFIG=/usr/bin/pkg-config
ac_cv_path_install='/usr/bin/install -c'
ac_cv_path_lt_DD=/bin/dd
ac_cv_path_mkdir=/bin/mkdir
ac_cv_prog_AWK=gawk
ac_cv_prog_CPP='gcc -E'
ac_cv_prog_ac_ct_AR=ar
ac_cv_prog_ac_ct_CC=gcc
ac_cv_prog_ac_ct_OBJDUMP=objdump
ac_cv_prog_ac_ct_RANLIB=ranlib
ac_cv_prog_ac_ct_STRIP=strip
ac_cv_prog_cc_c89=
ac_cv_prog_cc_g=yes
ac_cv_prog_make_make_set=yes
ac_cv_search_pthread_create=-lpthread
am_cv_CC_dependencies_compiler_type=gcc3
am_cv_make_support_nested_variables=yes
am_cv_prog_cc_c_o=yes
lt_cv_ar_at_file=@
lt_cv_archive_cmds_need_lc=no
lt_cv_deplibs_check_method=pass_all
lt_cv_file_magic_cmd='$MAGIC_CMD'
lt_cv_file_magic_test_file=
lt_cv_ld_reload_flag=-r
lt_cv_nm_interface='BSD nm'
lt_cv_objdir=.libs
lt_cv_path_LD=/usr/x86_64-pc-linux-gnu/bin/ld
lt_cv_path_NM='/usr/bin/nm -B'
lt_cv_path_mainfest_tool=no
lt_cv_prog_compiler_c_o=yes
lt_cv_prog_compiler_pic='-fPIC -DPIC'
lt_cv_prog_compiler_pic_works=yes
lt_cv_prog_compiler_rtti_exceptions=no
lt_cv_prog_compiler_static_works=yes
lt_cv_prog_gnu_ld=yes
lt_cv_sharedlib_from_linklib_cmd='printf %s\n'
lt_cv_shlibpath_overrides_runpath=yes
lt_cv_sys_global_symbol_pipe='sed -n -e '\''s/^.*[	 ]\([ABCDGIRSTW][ABCDGIRSTW]*\)[	 ][	 ]*\([_A-Za-z][_A-Za-z0-9]*\)$/\1 \2 \2/p'\'' | sed '\''/ __gnu_lto/d'\'''
lt_cv_sys_global_symbol_to_c_name_address='sed -n -e '\''s/^: \(.*\) .*$/  {"\1", (void *) 0},/p'\'' -e '\''s/^[ABCDGIRSTW][ABCDGIRSTW]* .* \(.*\)$/  {"\1", (void *) \&\1},/p'\'''
lt_cv_sys_global_symbol_to_c_name_address_lib_prefix='sed -n -e '\''s/^: \(.*\) .*$/  {"\1", (void *) 0},/p'\'' -e '\''s/^[ABCDGIRSTW][ABCDGIRSTW]* .* \(lib.*\)$/  {"\1", (void *) \&\1},/p'\'' -e '\''s/^[ABCDGIRSTW][ABCDGIRSTW]* .* \(.*\)$/  {"lib\1", (void *) \&\1},/p'\'''
lt_cv_sys_global_symbol_to_cdecl='sed -n -e '\''s/^T .* \(.*\)$/extern int \1();/p'\'' -e '\''s/^[ABCDGIRSTW][ABCDGIRSTW]* .* \(.*\)$/extern char \1;/p'\'''
lt_cv_sys_global_symbol_to_import=
lt_cv_sys_max_cmd_len=1572864
lt_cv_to_host_file_cmd=func_convert_file_noop
lt_cv_to_tool_file_cmd=func_convert_file_noop
lt_cv_truncate_bin='/bin/dd bs=4096 count=1'
pkg_cv_BACNET_CFLAGS='-DBACDL_ALL '
pkg_cv_BACNET_LIBS='-L/usr/lib -lbacnet -lm '
pkg_cv_MODBUS_CFLAGS='-I/usr/include/modbus '
pkg_cv_MODBUS_LIBS='-lmodbus '

## ----------------- ##
## Output variables. ##
## ----------------- ##

ACLOCAL='${SHELL} /home/init_user/project/KMTaylor/config/missing aclocal-1.15'
AMDEPBACKSLASH='\'
AMDEP_FALSE='#'
AMDEP_TRUE=''
AMTAR='$${TAR-tar}'
AM_BACKSLASH='\'
AM_DEFAULT_V='$(AM_DEFAULT_VERBOSITY)'
AM_DEFAULT_VERBOSITY='0'
AM_V='$(V)'
AR='ar'
AUTOCONF='${SHELL} /home/init_user/project/KMTaylor/config/missing autoconf'
AUTOHEADER='${SHELL} /home/init_user/project/KMTaylor/config/missing autoheader'
AUTOMAKE='${SHELL} /home/init_user/project/KMTaylor/config/missing automake-1.15'
AWK='gawk'
BACNET_CFLAGS='-DBACDL_ALL '
BACNET_LIBS='-L/usr/lib -lbacnet -lm '
CC='gcc'
CCDEPMODE='depmode=gcc3'
CFLAGS='-g -O2'
CPP='gcc -E'
CPPFLAGS=''
CYGPATH_W='echo'
DEFS='-DHAVE_CONFIG_H'
DEPDIR='.deps'
DLLTOOL='false'
DSYMUTIL=''
DUMPBIN=''
ECHO_C=''
ECHO_N='-n'
ECHO_T=''
EGREP='/bin/grep -E'
EXEEXT=''
FGREP='/bin/grep -F'
GREP='/bin/grep'
INSTALL_DATA='${INSTALL} -m 644'
INSTALL_PROGRAM='${INSTALL}'
INSTALL_SCRIPT='${INSTALL}'
INSTALL_STRIP_PROGRAM='$(install_sh) -c -s'
LD='/usr/x86_64-pc-linux-gnu/bin/ld -m elf_x86_64'
LDFLAGS=''
LIBOBJS=''
LIBS='-lpthread '
LIBTOOL='$(SHELL) $(top_builddir)/libtool'
LIPO=''
LN_S='ln -s'
LTLIBOBJS=''
LT_SYS_LIBRARY_PATH=''
MAKEINFO='${SHELL} /home/init_user/project/KMTaylor/config/missing makeinfo'
MANIFEST_TOOL=':'
MKDIR_P='/bin/mkdir -p'
MODBUS_CFLAGS='-I/usr/include/modbus '
MODBUS_LIBS='-lmodbus '
NM='/usr/bin/nm -B'
NMEDIT=''
OBJDUMP='objdump'
OBJEXT='o'
OTOOL64=''
OTOOL=''
PACKAGE='ees4100_testbench'
PACKAGE_BUGREPORT=''
PACKAGE_NAME='EES4100_Testbench'
PACKAGE_STRING='EES4100_Testbench 0.1'
PACKAGE_TARNAME='ees4100_testbench'
PACKAGE_URL=''
PACKAGE_VERSION='0.1'
PATH_SEPARATOR=':'
PKG_CONFIG='/usr/bin/pkg-config'
PKG_CONFIG_LIBDIR=''
PKG_CONFIG_PATH=''
RANLIB='ranlib'
SED='/bin/sed'
SET_MAKE=''
SHELL='/bin/sh'
STRIP='strip'
VERSION='0.1'
ac_ct_AR='ar'
ac_ct_CC='gcc'
ac_ct_DUMPBIN=''
am__EXEEXT_FALSE=''
am__EXEEXT_TRUE='#'
am__fastdepCC_FALSE='#'
am__fastdepCC_TRUE=''
am__include='include'
am__isrc=''
am__leading_dot='.'
am__nodep='_no'
am__quote=''
am__tar='$${TAR-tar} chof - "$$tardir"'
am__untar='$${TAR-tar} xf -'
bindir='${exec_prefix}/bin'
build='x86_64-pc-linux-gnu'
build_alias=''
build_cpu='x86_64'
build_os='linux-gnu'
build_vendor='pc'
datadir='${datarootdir}'
datarootdir='${prefix}/share'
docdir='${datarootdir}/doc/${PACKAGE_TARNAME}'
dvidir='${docdir}'
exec_prefix='${prefix}'
host='x86_64-pc-linux-gnu'
host_alias=''
host_cpu='x86_64'
host_os='linux-gnu'
host_vendor='pc'
htmldir='${docdir}'
includedir='${prefix}/include'
infodir='${datarootdir}/info'
install_sh='${SHELL} /home/init_user/project/KMTaylor/config/install-sh'
libdir='${exec_prefix}/lib'
libexecdir='${exec_prefix}/libexec'
localedir='${datarootdir}/locale'
localstatedir='${prefix}/var'
mandir='${datarootdir}/man'
mkdir_p='$(MKDIR_P)'
oldincludedir='/usr/include'
pdfdir='${docdir}'
prefix='/usr/local'
program_transform_name='s,x,x,'
psdir='${docdir}'
sbindir='${exec_prefix}/sbin'
sharedstatedir='${prefix}/com'
sysconfdir='${prefix}/etc'
target_alias=''

## ----------- ##
## confdefs.h. ##
## ----------- ##

/* confdefs.h */
#define PACKAGE_NAME "EES4100_Testbench"
#define PACKAGE_TARNAME "ees4100_testbench"
#define PACKAGE_VERSION "0.1"
#define PACKAGE_STRING "EES4100_Testbench 0.1"
#define PACKAGE_BUGREPORT ""
#define PACKAGE_URL ""
#define PACKAGE "ees4100_testbench"
#define VERSION "0.1"
#define STDC_HEADERS 1
#define HAVE_SYS_TYPES_H 1
#define HAVE_SYS_STAT_H 1
#define HAVE_STDLIB_H 1
#define HAVE_STRING_H 1
#define HAVE_MEMORY_H 1
#define HAVE_STRINGS_H 1
#define HAVE_INTTYPES_H 1
#define HAVE_STDINT_H 1
#define HAVE_UNISTD_H 1
#define HAVE_DLFCN_H 1
#define LT_OBJDIR ".libs/"

configure: exit 0
